<?xml version="1.0" encoding="UTF-8"?>
<!-- Generated by org.testng.reporters.JUnitReportReporter -->
<testsuite hostname="LP-5CD8071T53" name="qaclickacademy.Mavenjava.MobileTest" tests="3" failures="0" timestamp="11 Mar 2021 03:44:27 GMT" time="0.004" errors="0">
  <testcase name="Appium" time="0.001" classname="qaclickacademy.Mavenjava.MobileTest"/>
  <testcase name="katalon" time="0.001" classname="qaclickacademy.Mavenjava.MobileTest"/>
  <testcase name="ctest" time="0.002" classname="qaclickacademy.Mavenjava.MobileTest"/>
</testsuite> <!-- qaclickacademy.Mavenjava.MobileTest -->
