<?xml version="1.0" encoding="UTF-8"?>
<!-- Generated by org.testng.reporters.JUnitReportReporter -->
<testsuite hostname="LP-5CD8071T53" name="qaclickacademy.Mavenjava.PerformanceTest" tests="2" failures="0" timestamp="11 Mar 2021 03:44:27 GMT" time="0.002" errors="0">
  <testcase name="jmeter" time="0.001" classname="qaclickacademy.Mavenjava.PerformanceTest"/>
  <testcase name="HPLoadRunner" time="0.001" classname="qaclickacademy.Mavenjava.PerformanceTest"/>
</testsuite> <!-- qaclickacademy.Mavenjava.PerformanceTest -->
