<?xml version="1.0" encoding="UTF-8"?>
<!-- Generated by org.testng.reporters.JUnitReportReporter -->
<testsuite hostname="LP-5CD8071T53" name="qaclickacademy.Mavenjava.ManualTest" tests="2" failures="0" timestamp="21 Mar 2021 14:17:39 GMT" time="0.033" errors="0">
  <testcase name="functional" time="0.002" classname="qaclickacademy.Mavenjava.ManualTest"/>
  <testcase name="NonFunctiona" time="0.031" classname="qaclickacademy.Mavenjava.ManualTest"/>
</testsuite> <!-- qaclickacademy.Mavenjava.ManualTest -->
