<?xml version="1.0" encoding="UTF-8"?>
<!-- Generated by org.testng.reporters.JUnitReportReporter -->
<testsuite hostname="LP-5CD8071T53" name="qaclickacademy.Mavenjava.APITest" tests="2" failures="0" timestamp="11 Mar 2021 03:44:27 GMT" time="0.004" errors="0">
  <testcase name="SoapUI" time="0.002" classname="qaclickacademy.Mavenjava.APITest"/>
  <testcase name="RestApi" time="0.002" classname="qaclickacademy.Mavenjava.APITest"/>
</testsuite> <!-- qaclickacademy.Mavenjava.APITest -->
