<?xml version="1.0" encoding="UTF-8"?>
<!-- Generated by org.testng.reporters.JUnitReportReporter -->
<testsuite skipped="0" hostname="LP-5CD8071T53" name="qaclickacademy.Mavenjava.PerformanceTest" tests="2" failures="0" timestamp="2021-03-18T04:09:30 IST" time="0.022" errors="0">
  <testcase name="jmeter" time="0.012" classname="qaclickacademy.Mavenjava.PerformanceTest"/>
  <system-out/>
  <testcase name="HPLoadRunner" time="0.010" classname="qaclickacademy.Mavenjava.PerformanceTest"/>
  <system-out/>
</testsuite> <!-- qaclickacademy.Mavenjava.PerformanceTest -->
