<?xml version="1.0" encoding="UTF-8"?>
<!-- Generated by org.testng.reporters.JUnitReportReporter -->
<testsuite skipped="0" hostname="LP-5CD8071T53" name="qaclickacademy.Mavenjava.ManualTest" tests="2" failures="0" timestamp="2021-03-18T04:09:30 IST" time="0.020" errors="0">
  <testcase name="functional" time="0.009" classname="qaclickacademy.Mavenjava.ManualTest"/>
  <system-out/>
  <testcase name="NonFunctiona" time="0.011" classname="qaclickacademy.Mavenjava.ManualTest"/>
  <system-out/>
</testsuite> <!-- qaclickacademy.Mavenjava.ManualTest -->
