<?xml version="1.0" encoding="UTF-8"?>
<!-- Generated by org.testng.reporters.JUnitReportReporter -->
<testsuite skipped="0" hostname="LP-5CD8071T53" name="qaclickacademy.Mavenjava.AutomationTest" tests="2" failures="0" timestamp="2021-03-18T04:09:30 IST" time="0.024" errors="0">
  <testcase name="QTPCode" time="0.012" classname="qaclickacademy.Mavenjava.AutomationTest"/>
  <system-out/>
  <testcase name="SeleniumCode" time="0.012" classname="qaclickacademy.Mavenjava.AutomationTest"/>
  <system-out/>
</testsuite> <!-- qaclickacademy.Mavenjava.AutomationTest -->
