<?xml version="1.0" encoding="UTF-8"?>
<!-- Generated by org.testng.reporters.JUnitReportReporter -->
<testsuite skipped="0" hostname="LP-5CD8071T53" name="qaclickacademy.Mavenjava.MobileTest" tests="3" failures="0" timestamp="2021-03-18T04:09:30 IST" time="0.031" errors="0">
  <testcase name="ctest" time="0.011" classname="qaclickacademy.Mavenjava.MobileTest"/>
  <system-out/>
  <testcase name="katalon" time="0.010" classname="qaclickacademy.Mavenjava.MobileTest"/>
  <system-out/>
  <testcase name="Appium" time="0.010" classname="qaclickacademy.Mavenjava.MobileTest"/>
  <system-out/>
</testsuite> <!-- qaclickacademy.Mavenjava.MobileTest -->
